<?xml version="1.0" encoding="UTF-8"?>
<coverage generated="1742924963113" clover="3.2.0">
  <project timestamp="1742924963113" name="All files">
    <metrics statements="19" coveredstatements="19" conditionals="6" coveredconditionals="6" methods="6" coveredmethods="6" elements="31" coveredelements="31" complexity="0" loc="19" ncloc="19" packages="1" files="1" classes="1"/>
    <file name="stringCalculator.ts" path="D:\Projects\MERN\string-calculator-tdd\src\stringCalculator.ts">
      <metrics statements="19" coveredstatements="19" conditionals="6" coveredconditionals="6" methods="6" coveredmethods="6"/>
      <line num="166" count="1" type="stmt"/>
      <line num="167" count="24" type="cond" truecount="1" falsecount="0"/>
      <line num="169" count="23" type="stmt"/>
      <line num="170" count="23" type="stmt"/>
      <line num="173" count="23" type="cond" truecount="1" falsecount="0"/>
      <line num="174" count="12" type="stmt"/>
      <line num="175" count="12" type="cond" truecount="1" falsecount="0"/>
      <line num="176" count="12" type="stmt"/>
      <line num="177" count="12" type="stmt"/>
      <line num="180" count="12" type="stmt"/>
      <line num="181" count="12" type="cond" truecount="2" falsecount="0"/>
      <line num="182" count="9" type="stmt"/>
      <line num="183" count="12" type="stmt"/>
      <line num="186" count="3" type="stmt"/>
      <line num="192" count="70" type="stmt"/>
      <line num="195" count="70" type="stmt"/>
      <line num="196" count="23" type="cond" truecount="1" falsecount="0"/>
      <line num="197" count="1" type="stmt"/>
      <line num="201" count="66" type="stmt"/>
    </file>
  </project>
</coverage>
