{"D:\\Projects\\MERN\\string-calculator-tdd\\src\\stringCalculator.ts": {"path":"D:\\Projects\\MERN\\string-calculator-tdd\\src\\stringCalculator.ts","statementMap":{"0":{"start":{"line":166,"column":0},"end":{"line":166,"column":16}},"1":{"start":{"line":167,"column":4},"end":{"line":167,"column":33}},"2":{"start":{"line":167,"column":24},"end":{"line":167,"column":33}},"3":{"start":{"line":169,"column":20},"end":{"line":169,"column":26}},"4":{"start":{"line":170,"column":21},"end":{"line":170,"column":28}},"5":{"start":{"line":173,"column":4},"end":{"line":189,"column":5}},"6":{"start":{"line":174,"column":31},"end":{"line":174,"column":59}},"7":{"start":{"line":175,"column":8},"end":{"line":188,"column":9}},"8":{"start":{"line":176,"column":34},"end":{"line":176,"column":51}},"9":{"start":{"line":177,"column":12},"end":{"line":177,"column":65}},"10":{"start":{"line":180,"column":40},"end":{"line":180,"column":73}},"11":{"start":{"line":181,"column":12},"end":{"line":187,"column":13}},"12":{"start":{"line":182,"column":16},"end":{"line":184,"column":29}},"13":{"start":{"line":183,"column":20},"end":{"line":183,"column":73}},"14":{"start":{"line":186,"column":16},"end":{"line":186,"column":93}},"15":{"start":{"line":192,"column":21},"end":{"line":192,"column":78}},"16":{"start":{"line":192,"column":60},"end":{"line":192,"column":77}},"17":{"start":{"line":195,"column":28},"end":{"line":195,"column":59}},"18":{"start":{"line":195,"column":51},"end":{"line":195,"column":58}},"19":{"start":{"line":196,"column":4},"end":{"line":198,"column":5}},"20":{"start":{"line":197,"column":8},"end":{"line":197,"column":87}},"21":{"start":{"line":201,"column":4},"end":{"line":201,"column":82}},"22":{"start":{"line":201,"column":34},"end":{"line":201,"column":45}},"23":{"start":{"line":201,"column":68},"end":{"line":201,"column":77}}},"fnMap":{"0":{"name":"add","decl":{"start":{"line":166,"column":16},"end":{"line":166,"column":19}},"loc":{"start":{"line":166,"column":35},"end":{"line":202,"column":1}}},"1":{"name":"(anonymous_1)","decl":{"start":{"line":182,"column":63},"end":{"line":182,"column":64}},"loc":{"start":{"line":183,"column":20},"end":{"line":183,"column":73}}},"2":{"name":"(anonymous_2)","decl":{"start":{"line":192,"column":53},"end":{"line":192,"column":56}},"loc":{"start":{"line":192,"column":60},"end":{"line":192,"column":77}}},"3":{"name":"(anonymous_3)","decl":{"start":{"line":195,"column":44},"end":{"line":195,"column":47}},"loc":{"start":{"line":195,"column":51},"end":{"line":195,"column":58}}},"4":{"name":"(anonymous_4)","decl":{"start":{"line":201,"column":27},"end":{"line":201,"column":30}},"loc":{"start":{"line":201,"column":34},"end":{"line":201,"column":45}}},"5":{"name":"(anonymous_5)","decl":{"start":{"line":201,"column":54},"end":{"line":201,"column":55}},"loc":{"start":{"line":201,"column":68},"end":{"line":201,"column":77}}}},"branchMap":{"0":{"loc":{"start":{"line":167,"column":4},"end":{"line":167,"column":33}},"type":"if","locations":[{"start":{"line":167,"column":4},"end":{"line":167,"column":33}}]},"1":{"loc":{"start":{"line":173,"column":4},"end":{"line":189,"column":5}},"type":"if","locations":[{"start":{"line":173,"column":4},"end":{"line":189,"column":5}}]},"2":{"loc":{"start":{"line":175,"column":8},"end":{"line":188,"column":9}},"type":"if","locations":[{"start":{"line":175,"column":8},"end":{"line":188,"column":9}}]},"3":{"loc":{"start":{"line":181,"column":12},"end":{"line":187,"column":13}},"type":"if","locations":[{"start":{"line":181,"column":12},"end":{"line":187,"column":13}},{"start":{"line":185,"column":19},"end":{"line":187,"column":13}}]},"4":{"loc":{"start":{"line":196,"column":4},"end":{"line":198,"column":5}},"type":"if","locations":[{"start":{"line":196,"column":4},"end":{"line":198,"column":5}}]}},"s":{"0":1,"1":24,"2":1,"3":23,"4":23,"5":23,"6":12,"7":12,"8":12,"9":12,"10":12,"11":12,"12":9,"13":12,"14":3,"15":23,"16":70,"17":23,"18":70,"19":23,"20":1,"21":22,"22":66,"23":65},"f":{"0":24,"1":12,"2":70,"3":70,"4":66,"5":65},"b":{"0":[1],"1":[12],"2":[12],"3":[9,3],"4":[1]}}
}
