TN:
SF:src\stringCalculator.ts
FN:166,add
FN:182,(anonymous_1)
FN:192,(anonymous_2)
FN:195,(anonymous_3)
FN:201,(anonymous_4)
FN:201,(anonymous_5)
FNF:6
FNH:6
FNDA:24,add
FNDA:12,(anonymous_1)
FNDA:70,(anonymous_2)
FNDA:70,(anonymous_3)
FNDA:66,(anonymous_4)
FNDA:65,(anonymous_5)
DA:166,1
DA:167,24
DA:169,23
DA:170,23
DA:173,23
DA:174,12
DA:175,12
DA:176,12
DA:177,12
DA:180,12
DA:181,12
DA:182,9
DA:183,12
DA:186,3
DA:192,70
DA:195,70
DA:196,23
DA:197,1
DA:201,66
LF:19
LH:19
BRDA:167,0,0,1
BRDA:173,1,0,12
BRDA:175,2,0,12
BRDA:181,3,0,9
BRDA:181,3,1,3
BRDA:196,4,0,1
BRF:6
BRH:6
end_of_record
